<?xml version="1.0" encoding="UTF-8"?>
<!-- Generated by org.testng.reporters.JUnitReportReporter -->
<testsuite name="com.sdp.admin.CancelProject" tests="2" time="539.047" ignored="0" failures="0" timestamp="05 Apr 2018 06:48:41 GMT" skipped="0" hostname="ATMECSINLT-047" errors="0">
  <testcase name="RejectRequestTocancel" time="201.442" classname="com.sdp.admin.CancelProject"/>
  <testcase name="ApproveRequestTocancel" time="337.605" classname="com.sdp.admin.CancelProject"/>
</testsuite> <!-- com.sdp.admin.CancelProject -->
