<?xml version="1.0" encoding="UTF-8"?>
<!-- Generated by org.testng.reporters.JUnitReportReporter -->
<testsuite name="com.sdp.admin.ActivityLog" tests="5" time="82.681" ignored="0" failures="0" timestamp="12 Jun 2018 11:46:50 GMT" skipped="0" hostname="ATMECSINLT-047" errors="0">
  <testcase name="searchByToDate" time="4.257" classname="com.sdp.admin.ActivityLog"/>
  <testcase name="searchByUsername" time="61.351" classname="com.sdp.admin.ActivityLog"/>
  <testcase name="searchByFromDate" time="4.410" classname="com.sdp.admin.ActivityLog"/>
  <testcase name="searchByActivity" time="3.938" classname="com.sdp.admin.ActivityLog"/>
  <testcase name="searchByTodayDate" time="8.725" classname="com.sdp.admin.ActivityLog"/>
</testsuite> <!-- com.sdp.admin.ActivityLog -->
